<?xml version="1.0" encoding="UTF-8"?>
<testsuite xmlns:xsi="http://www.w3.org/2001/XMLSchema-instance" xsi:noNamespaceSchemaLocation="https://maven.apache.org/surefire/maven-surefire-plugin/xsd/surefire-test-report-3.0.xsd" version="3.0" name="com.challenge.churn.ChurnApiApplicationTests" time="4.072" tests="1" errors="0" skipped="0" failures="0">
  <properties>
[...]
</properties>
  <testcase name="contextLoads" classname="com.challenge.churn.ChurnApiApplicationTests" time="0.361">
    <system-out><![CDATA[17:02:08.018 [main] INFO org.springframework.test.context.support.AnnotationConfigContextLoaderUtils -- Could not detect default configuration classes for test class [com.challenge.churn.ChurnApiApplicationTests]: ChurnApiApplicationTests does not declare any static, non-private, non-final, nested classes annotated with @Configuration.
17:02:08.087 [main] INFO org.springframework.boot.test.context.SpringBootTestContextBootstrapper -- Found @SpringBootConfiguration com.challenge.churn.ChurnApiApplication for test class com.challenge.churn.ChurnApiApplicationTests

  .   ____          _            __ _ _
 /\\ / ___'_ __ _ _(_)_ __  __ _ \ \ \ \
( ( )\___ | '_ | '_| | '_ \/ _` | \ \ \ \
 \\/  ___)| |_)| | | | | || (_| |  ) ) ) )
  '  |____| .__|_| |_|_| |_\__, | / / / /
 =========|_|==============|___/=/_/_/_/
 :: Spring Boot ::                (v3.2.4)

2024-09-16T17:02:08.352-03:00  INFO 18608 --- [churn_api] [           main] c.c.churn.ChurnApiApplicationTests       : Starting ChurnApiApplicationTests using Java 18.0.2.1 with PID 18608 (started by labsfiap in C:\Users\labsfiap\Downloads\ChurnAPI\ChurnAPI\churn)
2024-09-16T17:02:08.352-03:00  INFO 18608 --- [churn_api] [           main] c.c.churn.ChurnApiApplicationTests       : No active profile set, falling back to 1 default profile: "default"
2024-09-16T17:02:08.762-03:00  INFO 18608 --- [churn_api] [           main] .s.d.r.c.RepositoryConfigurationDelegate : Bootstrapping Spring Data JPA repositories in DEFAULT mode.
2024-09-16T17:02:08.809-03:00  INFO 18608 --- [churn_api] [           main] .s.d.r.c.RepositoryConfigurationDelegate : Finished Spring Data repository scanning in 39 ms. Found 4 JPA repository interfaces.
2024-09-16T17:02:09.202-03:00  INFO 18608 --- [churn_api] [           main] com.zaxxer.hikari.HikariDataSource       : HikariPool-1 - Starting...
2024-09-16T17:02:09.645-03:00  INFO 18608 --- [churn_api] [           main] com.zaxxer.hikari.pool.HikariPool        : HikariPool-1 - Added connection oracle.jdbc.driver.T4CConnection@15fb4566
2024-09-16T17:02:09.645-03:00  INFO 18608 --- [churn_api] [           main] com.zaxxer.hikari.HikariDataSource       : HikariPool-1 - Start completed.
2024-09-16T17:02:09.671-03:00  INFO 18608 --- [churn_api] [           main] o.hibernate.jpa.internal.util.LogHelper  : HHH000204: Processing PersistenceUnitInfo [name: default]
2024-09-16T17:02:09.728-03:00  INFO 18608 --- [churn_api] [           main] org.hibernate.Version                    : HHH000412: Hibernate ORM core version 6.4.4.Final
2024-09-16T17:02:09.759-03:00  INFO 18608 --- [churn_api] [           main] o.h.c.internal.RegionFactoryInitiator    : HHH000026: Second-level cache disabled
2024-09-16T17:02:09.976-03:00  INFO 18608 --- [churn_api] [           main] o.s.o.j.p.SpringPersistenceUnitInfo      : No LoadTimeWeaver setup: ignoring JPA class transformer
2024-09-16T17:02:10.823-03:00  INFO 18608 --- [churn_api] [           main] o.h.e.t.j.p.i.JtaPlatformInitiator       : HHH000489: No JTA platform available (set 'hibernate.transaction.jta.platform' to enable JTA platform integration)
2024-09-16T17:02:10.825-03:00  INFO 18608 --- [churn_api] [           main] j.LocalContainerEntityManagerFactoryBean : Initialized JPA EntityManagerFactory for persistence unit 'default'
2024-09-16T17:02:11.232-03:00  WARN 18608 --- [churn_api] [           main] JpaBaseConfiguration$JpaWebConfiguration : spring.jpa.open-in-view is enabled by default. Therefore, database queries may be performed during view rendering. Explicitly configure spring.jpa.open-in-view to disable this warning
2024-09-16T17:02:11.260-03:00  INFO 18608 --- [churn_api] [           main] o.s.b.a.w.s.WelcomePageHandlerMapping    : Adding welcome page template: index
2024-09-16T17:02:11.603-03:00  INFO 18608 --- [churn_api] [           main] c.c.churn.ChurnApiApplicationTests       : Started ChurnApiApplicationTests in 3.428 seconds (process running for 4.04)
]]></system-out>
  </testcase>
</testsuite>